
    ███╗   ███╗███████╗ ████████╗██████╗ ██╗██╗  ██╗██╗
    ████╗ ████║██╔════╝ ╚══██╔══╝██╔══██╗██║╚██╗██╔╝██║
    ██╔████╔██║█████╗█████╗██║   ██████╔╝██║ ╚███╔╝ ██║
    ██║╚██╔╝██║██╔══╝╚════╝██║   ██╔══██╗██║ ██╔██╗ ██║
    ██║ ╚═╝ ██║██║         ██║   ██║  ██║██║██╔╝ ██╗██║
    ╚═╝     ╚═╝╚═╝         ╚═╝   ╚═╝  ╚═╝╚═╝╚═╝  ╚═╝╚═╝

┌──────────────────────────────────────────────────────────────────────────────────────────────────┐
│ SemidiscretizationHyperbolic                                                                     │
│ ════════════════════════════                                                                     │
│ #spatial dimensions: ………………………… 2                                                                │
│ mesh: ………………………………………………………………… PointCloudDomain with NDIMS = 2                                  │
│ equations: …………………………………………………… CompressibleEulerEquations2D                                     │
│ initial condition: ……………………………… initial_condition_cyl                                            │
│ boundary conditions: ………………………… 5                                                                │
│ │ inlet: ………………………………………………………… BoundaryConditionDirichlet{typeof(initial_condition_cyl)}        │
│ │ outlet: ……………………………………………………… BoundaryConditionDoNothing                                       │
│ │ top: ……………………………………………………………… typeof(boundary_condition_slip_wall)                             │
│ │ bottom: ……………………………………………………… typeof(boundary_condition_slip_wall)                             │
│ │ cyl: ……………………………………………………………… typeof(boundary_condition_slip_wall)                             │
│ source terms: …………………………………………… SourceHyperviscosityTominec, SourceResidualViscosityTominec      │
│ solver: …………………………………………………………… RBFSolver                                                        │
│ total #DOFs per field: …………………… 273403                                                           │
└──────────────────────────────────────────────────────────────────────────────────────────────────┘

┌──────────────────────────────────────────────────────────────────────────────────────────────────┐
│ PointCloudDomain{2}                                                                              │
│ ═══════════════════                                                                              │
│ Number of points: ………………………………… 273403                                                           │
│ Number of neighbors: ………………………… 20                                                               │
│ Number of boundary tags: ……………… 5                                                                │
│ │ Boundary 'inlet': …………………………… 399 boundary points                                              │
│ │ Boundary 'outlet': ………………………… 399 boundary points                                              │
│ │ Boundary 'bottom': ………………………… 801 boundary points                                              │
│ │ Boundary 'top': ………………………………… 801 boundary points                                              │
│ │ Boundary 'cyl': ………………………………… 315 boundary points                                              │
└──────────────────────────────────────────────────────────────────────────────────────────────────┘

┌──────────────────────────────────────────────────────────────────────────────────────────────────┐
│ CompressibleEulerEquations2D                                                                     │
│ ════════════════════════════                                                                     │
│ #variables: ………………………………………………… 4                                                                │
│ │ variable 1: …………………………………………… rho                                                              │
│ │ variable 2: …………………………………………… rho_v1                                                           │
│ │ variable 3: …………………………………………… rho_v2                                                           │
│ │ variable 4: …………………………………………… rho_e                                                            │
└──────────────────────────────────────────────────────────────────────────────────────────────────┘

┌──────────────────────────────────────────────────────────────────────────────────────────────────┐
│ RBFSolver{Float64}                                                                               │
│ ══════════════════                                                                               │
│ basis: ……………………………………………………………… RefPointData{N=3, RBF{PolyharmonicSpline}, Point2D}.             │
│ engine: …………………………………………………………… RBFFDEngine                                                      │
└──────────────────────────────────────────────────────────────────────────────────────────────────┘

┌──────────────────────────────────────────────────────────────────────────────────────────────────┐
│ AliveCallback                                                                                    │
│ ═════════════                                                                                    │
│ interval: ……………………………………………………… 100                                                              │
└──────────────────────────────────────────────────────────────────────────────────────────────────┘

┌──────────────────────────────────────────────────────────────────────────────────────────────────┐
│ PerformanceCallback                                                                              │
│ ═══════════════════                                                                              │
│ interval: ……………………………………………………… 1000                                                             │
│ analyzer: ……………………………………………………… RefPointData{N=3, RBF{PolyharmonicSpline}, Point2D}.             │
│ save analysis to file: …………………… no                                                               │
└──────────────────────────────────────────────────────────────────────────────────────────────────┘

┌──────────────────────────────────────────────────────────────────────────────────────────────────┐
│ HistoryCallback                                                                                  │
│ ═══════════════                                                                                  │
│ Reconstruction Order: ……………………… 3                                                                │
└──────────────────────────────────────────────────────────────────────────────────────────────────┘

┌──────────────────────────────────────────────────────────────────────────────────────────────────┐
│ SolutionSavingCallback                                                                           │
│ ══════════════════════                                                                           │
│ dt: ……………………………………………………………………… 0.1                                                              │
│ custom quantities: ……………………………… nothing                                                          │
│ save initial solution: …………………… yes                                                              │
│ save final solution: ………………………… yes                                                              │
│ output directory: ………………………………… /Users/jarias9/Documents/MeshfreeTrixiDev/out                    │
│ prefix: …………………………………………………………… cyl_0_005_order_3                                                │
└──────────────────────────────────────────────────────────────────────────────────────────────────┘

┌──────────────────────────────────────────────────────────────────────────────────────────────────┐
│ Time integration                                                                                 │
│ ════════════════                                                                                 │
│ Start time: ………………………………………………… 0.0                                                              │
│ Final time: ………………………………………………… 2.0                                                              │
│ time integrator: …………………………………… SSPRK43                                                          │
│ adaptive: ……………………………………………………… true                                                             │
│ abstol: …………………………………………………………… 0.001                                                            │
│ reltol: …………………………………………………………… 0.001                                                            │
│ controller: ………………………………………………… PIController{Rational{Int64}}(7//30, 2//15)                      │
└──────────────────────────────────────────────────────────────────────────────────────────────────┘
┌──────────────────────────────────────────────────────────────────────────────────────────────────┐
│ Environment information                                                                          │
│ ═══════════════════════                                                                          │
│ #threads: ……………………………………………………… 1                                                                │
└──────────────────────────────────────────────────────────────────────────────────────────────────┘

────────────────────────────────────────────────────────────────────────────────────────────────────
 Simulation running 'CompressibleEulerEquations2D' with PointCloudSolver(polydeg=3)
────────────────────────────────────────────────────────────────────────────────────────────────────
 #timesteps:                  0                run time:       4.37500000e-06 s
 Δt:             0.00000000e+00                └── GC time:    0.00000000e+00 s (0.000%)
 sim. time:      0.00000000e+00 (0.000%)       time/DOF/rhs!:         NaN s
                                               PID:                   Inf s
 #DOFs per field:        273403                alloc'd memory:       2475.101 MiB
 #elements:              273403
────────────────────────────────────────────────────────────────────────────────────────────────────

#timesteps:    100 │ Δt: 1.2518e-04 │ sim. time: 1.3059e-02 (0.653%)   │ run time: 8.2917e+01 s
#timesteps:    200 │ Δt: 1.4767e-04 │ sim. time: 2.7256e-02 (1.363%)   │ run time: 1.5991e+02 s
#timesteps:    300 │ Δt: 1.2976e-04 │ sim. time: 4.1075e-02 (2.054%)   │ run time: 2.3618e+02 s
#timesteps:    400 │ Δt: 1.3349e-04 │ sim. time: 5.4571e-02 (2.729%)   │ run time: 3.1170e+02 s
#timesteps:    500 │ Δt: 5.0013e-05 │ sim. time: 6.6506e-02 (3.325%)   │ run time: 3.9079e+02 s
#timesteps:    600 │ Δt: 1.1478e-04 │ sim. time: 7.9682e-02 (3.984%)   │ run time: 4.7163e+02 s
#timesteps:    700 │ Δt: 1.5668e-04 │ sim. time: 9.3421e-02 (4.671%)   │ run time: 5.5186e+02 s
#timesteps:    800 │ Δt: 1.1205e-04 │ sim. time: 1.0700e-01 (5.350%)   │ run time: 6.3359e+02 s
#timesteps:    900 │ Δt: 1.2765e-04 │ sim. time: 1.2069e-01 (6.034%)   │ run time: 7.1121e+02 s
#timesteps:   1000 │ Δt: 1.4617e-04 │ sim. time: 1.3355e-01 (6.677%)   │ run time: 7.8666e+02 s

────────────────────────────────────────────────────────────────────────────────────────────────────
 Simulation running 'CompressibleEulerEquations2D' with PointCloudSolver(polydeg=3)
────────────────────────────────────────────────────────────────────────────────────────────────────
 #timesteps:               1000                run time:       7.86441187e+02 s
 Δt:             1.46171427e-04                └── GC time:    1.07152466e+01 s (1.362%)
 sim. time:      1.33545828e-01 (6.677%)       time/DOF/rhs!:  5.39388245e-07 s
                                               PID:            6.96484265e-07 s
 #DOFs per field:        273403                alloc'd memory:       3545.676 MiB
 #elements:              273403
────────────────────────────────────────────────────────────────────────────────────────────────────

#timesteps:   1100 │ Δt: 1.3217e-04 │ sim. time: 1.4514e-01 (7.257%)   │ run time: 8.6663e+02 s
#timesteps:   1200 │ Δt: 1.0193e-04 │ sim. time: 1.5685e-01 (7.842%)   │ run time: 9.4583e+02 s
#timesteps:   1300 │ Δt: 9.1552e-05 │ sim. time: 1.6648e-01 (8.324%)   │ run time: 1.0231e+03 s
#timesteps:   1400 │ Δt: 8.8458e-05 │ sim. time: 1.7571e-01 (8.785%)   │ run time: 1.0981e+03 s
#timesteps:   1500 │ Δt: 1.0359e-04 │ sim. time: 1.8533e-01 (9.267%)   │ run time: 1.1747e+03 s
#timesteps:   1600 │ Δt: 8.7109e-05 │ sim. time: 1.9536e-01 (9.768%)   │ run time: 1.2507e+03 s
#timesteps:   1700 │ Δt: 1.1537e-04 │ sim. time: 2.0490e-01 (10.245%)  │ run time: 1.3327e+03 s
#timesteps:   1800 │ Δt: 9.2612e-05 │ sim. time: 2.1417e-01 (10.709%)  │ run time: 1.4083e+03 s
#timesteps:   1900 │ Δt: 9.0035e-05 │ sim. time: 2.2316e-01 (11.158%)  │ run time: 1.4836e+03 s
#timesteps:   2000 │ Δt: 9.9796e-05 │ sim. time: 2.3348e-01 (11.674%)  │ run time: 1.5604e+03 s

────────────────────────────────────────────────────────────────────────────────────────────────────
 Simulation running 'CompressibleEulerEquations2D' with PointCloudSolver(polydeg=3)
────────────────────────────────────────────────────────────────────────────────────────────────────
 #timesteps:               2000                run time:       1.56018794e+03 s
 Δt:             9.97963205e-05                └── GC time:    2.11212226e+01 s (1.354%)
 sim. time:      2.33481128e-01 (11.674%)      time/DOF/rhs!:  5.38793971e-07 s
                                               PID:            6.90931109e-07 s
 #DOFs per field:        273403                alloc'd memory:       3411.556 MiB
 #elements:              273403
────────────────────────────────────────────────────────────────────────────────────────────────────

#timesteps:   2100 │ Δt: 4.1691e-05 │ sim. time: 2.4381e-01 (12.191%)  │ run time: 1.6373e+03 s
#timesteps:   2200 │ Δt: 1.0641e-04 │ sim. time: 2.5495e-01 (12.747%)  │ run time: 1.7157e+03 s
#timesteps:   2300 │ Δt: 9.7359e-05 │ sim. time: 2.6590e-01 (13.295%)  │ run time: 1.7941e+03 s
#timesteps:   2400 │ Δt: 1.5541e-04 │ sim. time: 2.7687e-01 (13.843%)  │ run time: 1.8713e+03 s
#timesteps:   2500 │ Δt: 8.9768e-05 │ sim. time: 2.8700e-01 (14.350%)  │ run time: 1.9511e+03 s
#timesteps:   2600 │ Δt: 1.0344e-04 │ sim. time: 2.9780e-01 (14.890%)  │ run time: 2.0345e+03 s
#timesteps:   2700 │ Δt: 9.7054e-05 │ sim. time: 3.0788e-01 (15.394%)  │ run time: 2.1147e+03 s
#timesteps:   2800 │ Δt: 1.0715e-04 │ sim. time: 3.1816e-01 (15.908%)  │ run time: 2.1925e+03 s
#timesteps:   2900 │ Δt: 9.8673e-05 │ sim. time: 3.2878e-01 (16.439%)  │ run time: 2.2740e+03 s
#timesteps:   3000 │ Δt: 8.7111e-05 │ sim. time: 3.3934e-01 (16.967%)  │ run time: 2.3566e+03 s

────────────────────────────────────────────────────────────────────────────────────────────────────
 Simulation running 'CompressibleEulerEquations2D' with PointCloudSolver(polydeg=3)
────────────────────────────────────────────────────────────────────────────────────────────────────
 #timesteps:               3000                run time:       2.35633715e+03 s
 Δt:             8.71111297e-05                └── GC time:    3.19101719e+01 s (1.354%)
 sim. time:      3.39339453e-01 (16.967%)      time/DOF/rhs!:  5.39511229e-07 s
                                               PID:            6.91356689e-07 s
 #DOFs per field:        273403                alloc'd memory:       2918.397 MiB
 #elements:              273403
────────────────────────────────────────────────────────────────────────────────────────────────────

#timesteps:   3100 │ Δt: 9.5861e-05 │ sim. time: 3.4915e-01 (17.457%)  │ run time: 2.4348e+03 s
#timesteps:   3200 │ Δt: 1.0114e-04 │ sim. time: 3.5947e-01 (17.974%)  │ run time: 2.5115e+03 s
#timesteps:   3300 │ Δt: 9.8682e-05 │ sim. time: 3.6936e-01 (18.468%)  │ run time: 2.5872e+03 s
#timesteps:   3400 │ Δt: 8.8608e-05 │ sim. time: 3.7919e-01 (18.960%)  │ run time: 2.6646e+03 s
#timesteps:   3500 │ Δt: 1.1150e-04 │ sim. time: 3.8962e-01 (19.481%)  │ run time: 2.7412e+03 s
#timesteps:   3600 │ Δt: 9.9069e-05 │ sim. time: 3.9990e-01 (19.995%)  │ run time: 2.8192e+03 s
#timesteps:   3700 │ Δt: 9.4208e-05 │ sim. time: 4.0904e-01 (20.452%)  │ run time: 2.8995e+03 s
#timesteps:   3800 │ Δt: 9.0111e-05 │ sim. time: 4.1816e-01 (20.908%)  │ run time: 2.9753e+03 s
#timesteps:   3900 │ Δt: 9.2332e-05 │ sim. time: 4.2781e-01 (21.391%)  │ run time: 3.0518e+03 s
#timesteps:   4000 │ Δt: 9.2815e-05 │ sim. time: 4.3696e-01 (21.848%)  │ run time: 3.1282e+03 s

────────────────────────────────────────────────────────────────────────────────────────────────────
 Simulation running 'CompressibleEulerEquations2D' with PointCloudSolver(polydeg=3)
────────────────────────────────────────────────────────────────────────────────────────────────────
 #timesteps:               4000                run time:       3.12793063e+03 s
 Δt:             9.28145252e-05                └── GC time:    4.21635486e+01 s (1.348%)
 sim. time:      4.36961754e-01 (21.848%)      time/DOF/rhs!:  5.42439760e-07 s
                                               PID:            6.95118125e-07 s
 #DOFs per field:        273403                alloc'd memory:       2627.810 MiB
 #elements:              273403
────────────────────────────────────────────────────────────────────────────────────────────────────

#timesteps:   4100 │ Δt: 9.1580e-05 │ sim. time: 4.4603e-01 (22.301%)  │ run time: 3.2037e+03 s
#timesteps:   4200 │ Δt: 8.9517e-05 │ sim. time: 4.5511e-01 (22.755%)  │ run time: 3.2791e+03 s
#timesteps:   4300 │ Δt: 9.1564e-05 │ sim. time: 4.6423e-01 (23.212%)  │ run time: 3.3546e+03 s
#timesteps:   4400 │ Δt: 9.3855e-05 │ sim. time: 4.7350e-01 (23.675%)  │ run time: 3.4298e+03 s
#timesteps:   4500 │ Δt: 9.3149e-05 │ sim. time: 4.8304e-01 (24.152%)  │ run time: 3.5079e+03 s
#timesteps:   4600 │ Δt: 8.1622e-05 │ sim. time: 4.9244e-01 (24.622%)  │ run time: 3.5830e+03 s
#timesteps:   4700 │ Δt: 7.8678e-05 │ sim. time: 5.0169e-01 (25.084%)  │ run time: 3.6621e+03 s
#timesteps:   4800 │ Δt: 1.0107e-04 │ sim. time: 5.1122e-01 (25.561%)  │ run time: 3.7387e+03 s
#timesteps:   4900 │ Δt: 8.6594e-05 │ sim. time: 5.2078e-01 (26.039%)  │ run time: 3.8162e+03 s
#timesteps:   5000 │ Δt: 9.7629e-05 │ sim. time: 5.3021e-01 (26.510%)  │ run time: 3.8980e+03 s

────────────────────────────────────────────────────────────────────────────────────────────────────
 Simulation running 'CompressibleEulerEquations2D' with PointCloudSolver(polydeg=3)
────────────────────────────────────────────────────────────────────────────────────────────────────
 #timesteps:               5000                run time:       3.89780390e+03 s
 Δt:             9.76292641e-05                └── GC time:    5.24290139e+01 s (1.345%)
 sim. time:      5.30207426e-01 (26.510%)      time/DOF/rhs!:  5.40510624e-07 s
                                               PID:            6.90845866e-07 s
 #DOFs per field:        273403                alloc'd memory:       3513.262 MiB
 #elements:              273403
────────────────────────────────────────────────────────────────────────────────────────────────────

#timesteps:   5100 │ Δt: 1.4408e-04 │ sim. time: 5.3974e-01 (26.987%)  │ run time: 3.9787e+03 s
#timesteps:   5200 │ Δt: 8.5332e-05 │ sim. time: 5.4941e-01 (27.470%)  │ run time: 4.0614e+03 s
#timesteps:   5300 │ Δt: 1.3574e-04 │ sim. time: 5.5915e-01 (27.957%)  │ run time: 4.1432e+03 s
#timesteps:   5400 │ Δt: 1.0843e-04 │ sim. time: 5.6860e-01 (28.430%)  │ run time: 4.2211e+03 s
#timesteps:   5500 │ Δt: 8.2249e-05 │ sim. time: 5.7816e-01 (28.908%)  │ run time: 4.3006e+03 s
#timesteps:   5600 │ Δt: 8.8315e-05 │ sim. time: 5.8745e-01 (29.372%)  │ run time: 4.3807e+03 s
#timesteps:   5700 │ Δt: 8.4913e-05 │ sim. time: 5.9709e-01 (29.854%)  │ run time: 4.4615e+03 s
#timesteps:   5800 │ Δt: 8.8384e-05 │ sim. time: 6.0632e-01 (30.316%)  │ run time: 4.5409e+03 s
#timesteps:   5900 │ Δt: 1.0124e-04 │ sim. time: 6.1574e-01 (30.787%)  │ run time: 4.6188e+03 s
#timesteps:   6000 │ Δt: 8.4863e-05 │ sim. time: 6.2513e-01 (31.257%)  │ run time: 4.6960e+03 s

────────────────────────────────────────────────────────────────────────────────────────────────────
 Simulation running 'CompressibleEulerEquations2D' with PointCloudSolver(polydeg=3)
────────────────────────────────────────────────────────────────────────────────────────────────────
 #timesteps:               6000                run time:       4.69578052e+03 s
 Δt:             8.48626035e-05                └── GC time:    6.28216654e+01 s (1.338%)
 sim. time:      6.25134492e-01 (31.257%)      time/DOF/rhs!:  5.39169395e-07 s
                                               PID:            6.88367646e-07 s
 #DOFs per field:        273403                alloc'd memory:       2691.147 MiB
 #elements:              273403
────────────────────────────────────────────────────────────────────────────────────────────────────

#timesteps:   6100 │ Δt: 9.7797e-05 │ sim. time: 6.3474e-01 (31.737%)  │ run time: 4.7729e+03 s
#timesteps:   6200 │ Δt: 9.9169e-05 │ sim. time: 6.4429e-01 (32.215%)  │ run time: 4.8527e+03 s
#timesteps:   6300 │ Δt: 8.6801e-05 │ sim. time: 6.5369e-01 (32.685%)  │ run time: 4.9316e+03 s
#timesteps:   6400 │ Δt: 7.8678e-05 │ sim. time: 6.6327e-01 (33.163%)  │ run time: 5.0118e+03 s
#timesteps:   6500 │ Δt: 1.4076e-04 │ sim. time: 6.7288e-01 (33.644%)  │ run time: 5.0919e+03 s
#timesteps:   6600 │ Δt: 8.4973e-05 │ sim. time: 6.8257e-01 (34.128%)  │ run time: 5.1734e+03 s
#timesteps:   6700 │ Δt: 8.6394e-05 │ sim. time: 6.9207e-01 (34.603%)  │ run time: 5.2534e+03 s
#timesteps:   6800 │ Δt: 1.0762e-04 │ sim. time: 7.0185e-01 (35.092%)  │ run time: 5.3349e+03 s
#timesteps:   6900 │ Δt: 1.4466e-04 │ sim. time: 7.1154e-01 (35.577%)  │ run time: 5.4150e+03 s
#timesteps:   7000 │ Δt: 9.4638e-05 │ sim. time: 7.2082e-01 (36.041%)  │ run time: 5.4909e+03 s

────────────────────────────────────────────────────────────────────────────────────────────────────
 Simulation running 'CompressibleEulerEquations2D' with PointCloudSolver(polydeg=3)
────────────────────────────────────────────────────────────────────────────────────────────────────
 #timesteps:               7000                run time:       5.49072857e+03 s
 Δt:             9.46381707e-05                └── GC time:    7.33081192e+01 s (1.335%)
 sim. time:      7.20818680e-01 (36.041%)      time/DOF/rhs!:  5.38964360e-07 s
                                               PID:            6.88352238e-07 s
 #DOFs per field:        273403                alloc'd memory:       2666.744 MiB
 #elements:              273403
────────────────────────────────────────────────────────────────────────────────────────────────────

#timesteps:   7100 │ Δt: 9.4268e-05 │ sim. time: 7.3032e-01 (36.516%)  │ run time: 5.5705e+03 s
#timesteps:   7200 │ Δt: 8.6050e-05 │ sim. time: 7.3951e-01 (36.976%)  │ run time: 5.6493e+03 s
#timesteps:   7300 │ Δt: 9.0928e-05 │ sim. time: 7.4852e-01 (37.426%)  │ run time: 5.7267e+03 s
#timesteps:   7400 │ Δt: 9.0997e-05 │ sim. time: 7.5785e-01 (37.893%)  │ run time: 5.8039e+03 s
#timesteps:   7500 │ Δt: 8.4165e-05 │ sim. time: 7.6703e-01 (38.351%)  │ run time: 5.8797e+03 s
#timesteps:   7600 │ Δt: 1.3706e-04 │ sim. time: 7.7647e-01 (38.824%)  │ run time: 5.9584e+03 s
#timesteps:   7700 │ Δt: 8.0485e-05 │ sim. time: 7.8611e-01 (39.306%)  │ run time: 6.0391e+03 s
#timesteps:   7800 │ Δt: 1.0945e-04 │ sim. time: 7.9579e-01 (39.790%)  │ run time: 6.1185e+03 s
#timesteps:   7900 │ Δt: 1.0008e-04 │ sim. time: 8.0559e-01 (40.280%)  │ run time: 6.2006e+03 s
#timesteps:   8000 │ Δt: 9.1306e-05 │ sim. time: 8.1507e-01 (40.754%)  │ run time: 6.2763e+03 s

────────────────────────────────────────────────────────────────────────────────────────────────────
 Simulation running 'CompressibleEulerEquations2D' with PointCloudSolver(polydeg=3)
────────────────────────────────────────────────────────────────────────────────────────────────────
 #timesteps:               8000                run time:       6.27609826e+03 s
 Δt:             9.13061793e-05                └── GC time:    8.37095585e+01 s (1.334%)
 sim. time:      8.15073005e-01 (40.754%)      time/DOF/rhs!:  5.38483487e-07 s
                                               PID:            6.87875412e-07 s
 #DOFs per field:        273403                alloc'd memory:       2936.783 MiB
 #elements:              273403
────────────────────────────────────────────────────────────────────────────────────────────────────

#timesteps:   8100 │ Δt: 8.6415e-05 │ sim. time: 8.2458e-01 (41.229%)  │ run time: 6.3543e+03 s
#timesteps:   8200 │ Δt: 1.0980e-04 │ sim. time: 8.3405e-01 (41.702%)  │ run time: 6.4305e+03 s
#timesteps:   8300 │ Δt: 8.8906e-05 │ sim. time: 8.4350e-01 (42.175%)  │ run time: 6.5084e+03 s
#timesteps:   8400 │ Δt: 1.1042e-04 │ sim. time: 8.5285e-01 (42.643%)  │ run time: 6.5879e+03 s
#timesteps:   8500 │ Δt: 8.4275e-05 │ sim. time: 8.6255e-01 (43.128%)  │ run time: 6.6658e+03 s
#timesteps:   8600 │ Δt: 9.3948e-05 │ sim. time: 8.7223e-01 (43.611%)  │ run time: 6.7454e+03 s
#timesteps:   8700 │ Δt: 9.3443e-05 │ sim. time: 8.8186e-01 (44.093%)  │ run time: 6.8242e+03 s
#timesteps:   8800 │ Δt: 1.0332e-04 │ sim. time: 8.9160e-01 (44.580%)  │ run time: 6.9039e+03 s
#timesteps:   8900 │ Δt: 9.7356e-05 │ sim. time: 9.0137e-01 (45.069%)  │ run time: 6.9854e+03 s
#timesteps:   9000 │ Δt: 9.2465e-05 │ sim. time: 9.1124e-01 (45.562%)  │ run time: 7.0657e+03 s

────────────────────────────────────────────────────────────────────────────────────────────────────
 Simulation running 'CompressibleEulerEquations2D' with PointCloudSolver(polydeg=3)
────────────────────────────────────────────────────────────────────────────────────────────────────
 #timesteps:               9000                run time:       7.06550875e+03 s
 Δt:             9.24652946e-05                └── GC time:    9.39806579e+01 s (1.330%)
 sim. time:      9.11238759e-01 (45.562%)      time/DOF/rhs!:  5.38919332e-07 s
                                               PID:            6.88118841e-07 s
 #DOFs per field:        273403                alloc'd memory:       3249.865 MiB
 #elements:              273403
────────────────────────────────────────────────────────────────────────────────────────────────────

#timesteps:   9100 │ Δt: 8.5906e-05 │ sim. time: 9.2102e-01 (46.051%)  │ run time: 7.1445e+03 s
#timesteps:   9200 │ Δt: 9.3649e-05 │ sim. time: 9.3089e-01 (46.545%)  │ run time: 7.2226e+03 s
#timesteps:   9300 │ Δt: 8.8992e-05 │ sim. time: 9.4065e-01 (47.033%)  │ run time: 7.3012e+03 s
#timesteps:   9400 │ Δt: 8.9230e-05 │ sim. time: 9.5017e-01 (47.509%)  │ run time: 7.3770e+03 s
#timesteps:   9500 │ Δt: 9.0996e-05 │ sim. time: 9.5930e-01 (47.965%)  │ run time: 7.4521e+03 s
#timesteps:   9600 │ Δt: 9.0732e-05 │ sim. time: 9.6834e-01 (48.417%)  │ run time: 7.5273e+03 s
#timesteps:   9700 │ Δt: 8.5356e-05 │ sim. time: 9.7802e-01 (48.901%)  │ run time: 7.6061e+03 s
#timesteps:   9800 │ Δt: 9.1550e-05 │ sim. time: 9.8764e-01 (49.382%)  │ run time: 7.6869e+03 s
#timesteps:   9900 │ Δt: 8.0256e-05 │ sim. time: 9.9716e-01 (49.858%)  │ run time: 7.7664e+03 s
#timesteps:  10000 │ Δt: 9.1391e-05 │ sim. time: 1.0068e+00 (50.339%)  │ run time: 7.8494e+03 s

────────────────────────────────────────────────────────────────────────────────────────────────────
 Simulation running 'CompressibleEulerEquations2D' with PointCloudSolver(polydeg=3)
────────────────────────────────────────────────────────────────────────────────────────────────────
 #timesteps:              10000                run time:       7.84914188e+03 s
 Δt:             9.13912872e-05                └── GC time:    1.04182365e+02 s (1.327%)
 sim. time:      1.00678309e+00 (50.339%)      time/DOF/rhs!:  5.40333335e-07 s
                                               PID:            6.89657863e-07 s
 #DOFs per field:        273403                alloc'd memory:       3308.476 MiB
 #elements:              273403
────────────────────────────────────────────────────────────────────────────────────────────────────

#timesteps:  10100 │ Δt: 1.0096e-04 │ sim. time: 1.0165e+00 (50.824%)  │ run time: 7.9326e+03 s
#timesteps:  10200 │ Δt: 8.2004e-05 │ sim. time: 1.0260e+00 (51.300%)  │ run time: 8.0120e+03 s
#timesteps:  10300 │ Δt: 9.5511e-05 │ sim. time: 1.0356e+00 (51.778%)  │ run time: 8.0917e+03 s
#timesteps:  10400 │ Δt: 9.0180e-05 │ sim. time: 1.0450e+00 (52.250%)  │ run time: 8.1674e+03 s
#timesteps:  10500 │ Δt: 1.1396e-04 │ sim. time: 1.0543e+00 (52.713%)  │ run time: 8.2430e+03 s
#timesteps:  10600 │ Δt: 9.1380e-05 │ sim. time: 1.0635e+00 (53.176%)  │ run time: 8.3180e+03 s
#timesteps:  10700 │ Δt: 8.9460e-05 │ sim. time: 1.0731e+00 (53.655%)  │ run time: 8.3936e+03 s
#timesteps:  10800 │ Δt: 8.5227e-05 │ sim. time: 1.0834e+00 (54.170%)  │ run time: 8.4766e+03 s
#timesteps:  10900 │ Δt: 8.7219e-05 │ sim. time: 1.0929e+00 (54.645%)  │ run time: 8.5546e+03 s
#timesteps:  11000 │ Δt: 9.1673e-05 │ sim. time: 1.1020e+00 (55.100%)  │ run time: 8.6324e+03 s

────────────────────────────────────────────────────────────────────────────────────────────────────
 Simulation running 'CompressibleEulerEquations2D' with PointCloudSolver(polydeg=3)
────────────────────────────────────────────────────────────────────────────────────────────────────
 #timesteps:              11000                run time:       8.63219896e+03 s
 Δt:             9.16730489e-05                └── GC time:    1.14704188e+02 s (1.329%)
 sim. time:      1.10200132e+00 (55.100%)      time/DOF/rhs!:  5.38410837e-07 s
                                               PID:            6.87826220e-07 s
 #DOFs per field:        273403                alloc'd memory:       3038.782 MiB
 #elements:              273403
────────────────────────────────────────────────────────────────────────────────────────────────────

#timesteps:  11100 │ Δt: 8.4805e-05 │ sim. time: 1.1112e+00 (55.560%)  │ run time: 8.7106e+03 s
#timesteps:  11200 │ Δt: 9.1224e-05 │ sim. time: 1.1203e+00 (56.014%)  │ run time: 8.7902e+03 s
#timesteps:  11300 │ Δt: 9.5457e-05 │ sim. time: 1.1294e+00 (56.470%)  │ run time: 8.8651e+03 s
#timesteps:  11400 │ Δt: 1.3199e-04 │ sim. time: 1.1391e+00 (56.955%)  │ run time: 8.9460e+03 s
#timesteps:  11500 │ Δt: 8.9137e-05 │ sim. time: 1.1493e+00 (57.463%)  │ run time: 9.0249e+03 s
#timesteps:  11600 │ Δt: 4.6556e-05 │ sim. time: 1.1591e+00 (57.956%)  │ run time: 9.1038e+03 s
#timesteps:  11700 │ Δt: 1.0216e-04 │ sim. time: 1.1692e+00 (58.459%)  │ run time: 9.1819e+03 s
#timesteps:  11800 │ Δt: 8.3797e-05 │ sim. time: 1.1790e+00 (58.949%)  │ run time: 9.2597e+03 s
#timesteps:  11900 │ Δt: 1.0585e-04 │ sim. time: 1.1890e+00 (59.452%)  │ run time: 9.3382e+03 s
#timesteps:  12000 │ Δt: 9.4587e-05 │ sim. time: 1.1988e+00 (59.941%)  │ run time: 9.4153e+03 s

────────────────────────────────────────────────────────────────────────────────────────────────────
 Simulation running 'CompressibleEulerEquations2D' with PointCloudSolver(polydeg=3)
────────────────────────────────────────────────────────────────────────────────────────────────────
 #timesteps:              12000                run time:       9.41505104e+03 s
 Δt:             9.45869684e-05                └── GC time:    1.25136190e+02 s (1.329%)
 sim. time:      1.19881227e+00 (59.941%)      time/DOF/rhs!:  5.38703459e-07 s
                                               PID:            6.85670341e-07 s
 #DOFs per field:        273403                alloc'd memory:       3460.844 MiB
 #elements:              273403
────────────────────────────────────────────────────────────────────────────────────────────────────

#timesteps:  12100 │ Δt: 8.6953e-05 │ sim. time: 1.2086e+00 (60.428%)  │ run time: 9.4983e+03 s
#timesteps:  12200 │ Δt: 9.1238e-05 │ sim. time: 1.2185e+00 (60.927%)  │ run time: 9.5756e+03 s
#timesteps:  12300 │ Δt: 1.3697e-04 │ sim. time: 1.2286e+00 (61.431%)  │ run time: 9.6564e+03 s
#timesteps:  12400 │ Δt: 1.2203e-04 │ sim. time: 1.2387e+00 (61.934%)  │ run time: 9.7410e+03 s
#timesteps:  12500 │ Δt: 8.3858e-05 │ sim. time: 1.2487e+00 (62.436%)  │ run time: 9.8220e+03 s
#timesteps:  12600 │ Δt: 1.0267e-04 │ sim. time: 1.2587e+00 (62.936%)  │ run time: 9.9049e+03 s
#timesteps:  12700 │ Δt: 1.0678e-04 │ sim. time: 1.2687e+00 (63.437%)  │ run time: 9.9887e+03 s
#timesteps:  12800 │ Δt: 8.1728e-05 │ sim. time: 1.2790e+00 (63.949%)  │ run time: 1.0065e+04 s
#timesteps:  12900 │ Δt: 1.2678e-04 │ sim. time: 1.2894e+00 (64.469%)  │ run time: 1.0144e+04 s
#timesteps:  13000 │ Δt: 1.1728e-04 │ sim. time: 1.2996e+00 (64.980%)  │ run time: 1.0227e+04 s

────────────────────────────────────────────────────────────────────────────────────────────────────
 Simulation running 'CompressibleEulerEquations2D' with PointCloudSolver(polydeg=3)
────────────────────────────────────────────────────────────────────────────────────────────────────
 #timesteps:              13000                run time:       1.02265203e+04 s
 Δt:             1.17277527e-04                └── GC time:    1.35966136e+02 s (1.330%)
 sim. time:      1.29959634e+00 (64.980%)      time/DOF/rhs!:  5.38406318e-07 s
                                               PID:            6.87679807e-07 s
 #DOFs per field:        273403                alloc'd memory:       3259.919 MiB
 #elements:              273403
────────────────────────────────────────────────────────────────────────────────────────────────────

#timesteps:  13100 │ Δt: 1.0409e-04 │ sim. time: 1.3098e+00 (65.492%)  │ run time: 1.0314e+04 s
#timesteps:  13200 │ Δt: 1.1318e-04 │ sim. time: 1.3199e+00 (65.997%)  │ run time: 1.0392e+04 s
#timesteps:  13300 │ Δt: 8.9833e-05 │ sim. time: 1.3300e+00 (66.498%)  │ run time: 1.0468e+04 s
#timesteps:  13400 │ Δt: 1.1589e-04 │ sim. time: 1.3404e+00 (67.019%)  │ run time: 1.0544e+04 s
#timesteps:  13500 │ Δt: 9.3048e-05 │ sim. time: 1.3507e+00 (67.534%)  │ run time: 1.0625e+04 s
#timesteps:  13600 │ Δt: 9.1641e-05 │ sim. time: 1.3613e+00 (68.065%)  │ run time: 1.0712e+04 s
#timesteps:  13700 │ Δt: 1.0322e-04 │ sim. time: 1.3716e+00 (68.581%)  │ run time: 1.0792e+04 s
#timesteps:  13800 │ Δt: 9.8747e-05 │ sim. time: 1.3821e+00 (69.103%)  │ run time: 1.0880e+04 s
#timesteps:  13900 │ Δt: 9.1135e-05 │ sim. time: 1.3926e+00 (69.629%)  │ run time: 1.0964e+04 s
#timesteps:  14000 │ Δt: 7.9188e-05 │ sim. time: 1.4031e+00 (70.154%)  │ run time: 1.1055e+04 s

────────────────────────────────────────────────────────────────────────────────────────────────────
 Simulation running 'CompressibleEulerEquations2D' with PointCloudSolver(polydeg=3)
────────────────────────────────────────────────────────────────────────────────────────────────────
 #timesteps:              14000                run time:       1.10545255e+04 s
 Δt:             7.91881187e-05                └── GC time:    1.46939527e+02 s (1.329%)
 sim. time:      1.40307232e+00 (70.154%)      time/DOF/rhs!:  5.38451238e-07 s
                                               PID:            6.90810086e-07 s
 #DOFs per field:        273403                alloc'd memory:       2436.671 MiB
 #elements:              273403
────────────────────────────────────────────────────────────────────────────────────────────────────

#timesteps:  14100 │ Δt: 8.7403e-05 │ sim. time: 1.4133e+00 (70.666%)  │ run time: 1.1143e+04 s
#timesteps:  14200 │ Δt: 9.7770e-05 │ sim. time: 1.4240e+00 (71.199%)  │ run time: 1.1228e+04 s
#timesteps:  14300 │ Δt: 1.1764e-04 │ sim. time: 1.4347e+00 (71.736%)  │ run time: 1.1311e+04 s
#timesteps:  14400 │ Δt: 1.1014e-04 │ sim. time: 1.4454e+00 (72.270%)  │ run time: 1.1398e+04 s
#timesteps:  14500 │ Δt: 8.7148e-05 │ sim. time: 1.4560e+00 (72.798%)  │ run time: 1.1481e+04 s
#timesteps:  14600 │ Δt: 1.4770e-04 │ sim. time: 1.4667e+00 (73.336%)  │ run time: 1.1568e+04 s
#timesteps:  14700 │ Δt: 8.4921e-05 │ sim. time: 1.4775e+00 (73.875%)  │ run time: 1.1655e+04 s
#timesteps:  14800 │ Δt: 9.1298e-05 │ sim. time: 1.4880e+00 (74.402%)  │ run time: 1.1737e+04 s
#timesteps:  14900 │ Δt: 9.0768e-05 │ sim. time: 1.4987e+00 (74.934%)  │ run time: 1.1823e+04 s
#timesteps:  15000 │ Δt: 9.2612e-05 │ sim. time: 1.5091e+00 (75.456%)  │ run time: 1.1908e+04 s

────────────────────────────────────────────────────────────────────────────────────────────────────
 Simulation running 'CompressibleEulerEquations2D' with PointCloudSolver(polydeg=3)
────────────────────────────────────────────────────────────────────────────────────────────────────
 #timesteps:              15000                run time:       1.19082461e+04 s
 Δt:             9.26121568e-05                └── GC time:    1.58489412e+02 s (1.331%)
 sim. time:      1.50911578e+00 (75.456%)      time/DOF/rhs!:  5.39356486e-07 s
                                               PID:            6.90222805e-07 s
 #DOFs per field:        273403                alloc'd memory:       2545.134 MiB
 #elements:              273403
────────────────────────────────────────────────────────────────────────────────────────────────────

#timesteps:  15100 │ Δt: 1.1097e-04 │ sim. time: 1.5197e+00 (75.984%)  │ run time: 1.1990e+04 s
#timesteps:  15200 │ Δt: 9.9719e-05 │ sim. time: 1.5301e+00 (76.503%)  │ run time: 1.2068e+04 s
#timesteps:  15300 │ Δt: 8.8170e-05 │ sim. time: 1.5404e+00 (77.020%)  │ run time: 1.2147e+04 s
#timesteps:  15400 │ Δt: 1.1950e-04 │ sim. time: 1.5512e+00 (77.560%)  │ run time: 1.2233e+04 s
#timesteps:  15500 │ Δt: 1.2875e-04 │ sim. time: 1.5619e+00 (78.093%)  │ run time: 1.2318e+04 s
#timesteps:  15600 │ Δt: 9.3927e-05 │ sim. time: 1.5728e+00 (78.640%)  │ run time: 1.2406e+04 s
#timesteps:  15700 │ Δt: 1.0755e-04 │ sim. time: 1.5833e+00 (79.166%)  │ run time: 1.2492e+04 s
#timesteps:  15800 │ Δt: 9.7954e-05 │ sim. time: 1.5942e+00 (79.710%)  │ run time: 1.2582e+04 s
#timesteps:  15900 │ Δt: 9.5239e-05 │ sim. time: 1.6048e+00 (80.238%)  │ run time: 1.2671e+04 s
#timesteps:  16000 │ Δt: 1.4865e-04 │ sim. time: 1.6153e+00 (80.766%)  │ run time: 1.2755e+04 s

────────────────────────────────────────────────────────────────────────────────────────────────────
 Simulation running 'CompressibleEulerEquations2D' with PointCloudSolver(polydeg=3)
────────────────────────────────────────────────────────────────────────────────────────────────────
 #timesteps:              16000                run time:       1.27545423e+04 s
 Δt:             1.48651093e-04                └── GC time:    1.69731153e+02 s (1.331%)
 sim. time:      1.61531982e+00 (80.766%)      time/DOF/rhs!:  5.38826605e-07 s
                                               PID:            6.89708377e-07 s
 #DOFs per field:        273403                alloc'd memory:       2554.484 MiB
 #elements:              273403
────────────────────────────────────────────────────────────────────────────────────────────────────

#timesteps:  16100 │ Δt: 1.0085e-04 │ sim. time: 1.6257e+00 (81.284%)  │ run time: 1.2837e+04 s
#timesteps:  16200 │ Δt: 1.0628e-04 │ sim. time: 1.6358e+00 (81.790%)  │ run time: 1.2913e+04 s
#timesteps:  16300 │ Δt: 1.0087e-04 │ sim. time: 1.6456e+00 (82.281%)  │ run time: 1.2996e+04 s
#timesteps:  16400 │ Δt: 4.3687e-05 │ sim. time: 1.6557e+00 (82.786%)  │ run time: 1.3076e+04 s
#timesteps:  16500 │ Δt: 1.1740e-04 │ sim. time: 1.6661e+00 (83.303%)  │ run time: 1.3161e+04 s
#timesteps:  16600 │ Δt: 1.0316e-04 │ sim. time: 1.6762e+00 (83.811%)  │ run time: 1.3243e+04 s
#timesteps:  16700 │ Δt: 9.2692e-05 │ sim. time: 1.6864e+00 (84.319%)  │ run time: 1.3329e+04 s
#timesteps:  16800 │ Δt: 9.6682e-05 │ sim. time: 1.6968e+00 (84.838%)  │ run time: 1.3410e+04 s
#timesteps:  16900 │ Δt: 1.0173e-04 │ sim. time: 1.7069e+00 (85.344%)  │ run time: 1.3497e+04 s
#timesteps:  17000 │ Δt: 9.2664e-05 │ sim. time: 1.7188e+00 (85.941%)  │ run time: 1.3578e+04 s

────────────────────────────────────────────────────────────────────────────────────────────────────
 Simulation running 'CompressibleEulerEquations2D' with PointCloudSolver(polydeg=3)
────────────────────────────────────────────────────────────────────────────────────────────────────
 #timesteps:              17000                run time:       1.35775581e+04 s
 Δt:             9.26643686e-05                └── GC time:    1.80883586e+02 s (1.332%)
 sim. time:      1.71881124e+00 (85.941%)      time/DOF/rhs!:  5.41878293e-07 s
                                               PID:            6.95531466e-07 s
 #DOFs per field:        273403                alloc'd memory:       2783.393 MiB
 #elements:              273403
────────────────────────────────────────────────────────────────────────────────────────────────────

#timesteps:  17100 │ Δt: 1.1876e-04 │ sim. time: 1.7299e+00 (86.495%)  │ run time: 1.3657e+04 s
#timesteps:  17200 │ Δt: 1.1509e-04 │ sim. time: 1.7406e+00 (87.032%)  │ run time: 1.3737e+04 s
#timesteps:  17300 │ Δt: 1.4765e-04 │ sim. time: 1.7514e+00 (87.571%)  │ run time: 1.3817e+04 s
#timesteps:  17400 │ Δt: 1.0730e-04 │ sim. time: 1.7626e+00 (88.130%)  │ run time: 1.3895e+04 s
#timesteps:  17500 │ Δt: 9.9747e-05 │ sim. time: 1.7742e+00 (88.711%)  │ run time: 1.3975e+04 s
#timesteps:  17600 │ Δt: 1.5369e-04 │ sim. time: 1.7856e+00 (89.280%)  │ run time: 1.4052e+04 s
#timesteps:  17700 │ Δt: 1.1511e-04 │ sim. time: 1.7972e+00 (89.859%)  │ run time: 1.4136e+04 s
#timesteps:  17800 │ Δt: 1.0497e-04 │ sim. time: 1.8083e+00 (90.413%)  │ run time: 1.4218e+04 s
#timesteps:  17900 │ Δt: 1.0562e-04 │ sim. time: 1.8194e+00 (90.971%)  │ run time: 1.4298e+04 s
#timesteps:  18000 │ Δt: 1.1937e-04 │ sim. time: 1.8307e+00 (91.536%)  │ run time: 1.4381e+04 s

────────────────────────────────────────────────────────────────────────────────────────────────────
 Simulation running 'CompressibleEulerEquations2D' with PointCloudSolver(polydeg=3)
────────────────────────────────────────────────────────────────────────────────────────────────────
 #timesteps:              18000                run time:       1.43808098e+04 s
 Δt:             1.19371747e-04                └── GC time:    1.91384082e+02 s (1.331%)
 sim. time:      1.83072771e+00 (91.536%)      time/DOF/rhs!:  5.39214028e-07 s
                                               PID:            6.90313164e-07 s
 #DOFs per field:        273403                alloc'd memory:       3353.833 MiB
 #elements:              273403
────────────────────────────────────────────────────────────────────────────────────────────────────

#timesteps:  18100 │ Δt: 1.5781e-04 │ sim. time: 1.8421e+00 (92.107%)  │ run time: 1.4459e+04 s
#timesteps:  18200 │ Δt: 9.9251e-05 │ sim. time: 1.8540e+00 (92.698%)  │ run time: 1.4536e+04 s
#timesteps:  18300 │ Δt: 1.2319e-04 │ sim. time: 1.8659e+00 (93.294%)  │ run time: 1.4621e+04 s
#timesteps:  18400 │ Δt: 9.7963e-05 │ sim. time: 1.8778e+00 (93.889%)  │ run time: 1.4707e+04 s
#timesteps:  18500 │ Δt: 1.1938e-04 │ sim. time: 1.8899e+00 (94.493%)  │ run time: 1.4796e+04 s
#timesteps:  18600 │ Δt: 1.1557e-04 │ sim. time: 1.9019e+00 (95.095%)  │ run time: 1.4881e+04 s
#timesteps:  18700 │ Δt: 1.4188e-04 │ sim. time: 1.9137e+00 (95.684%)  │ run time: 1.4962e+04 s
#timesteps:  18800 │ Δt: 1.1571e-04 │ sim. time: 1.9257e+00 (96.285%)  │ run time: 1.5042e+04 s
#timesteps:  18900 │ Δt: 9.7170e-05 │ sim. time: 1.9364e+00 (96.820%)  │ run time: 1.5126e+04 s
#timesteps:  19000 │ Δt: 1.3076e-04 │ sim. time: 1.9477e+00 (97.384%)  │ run time: 1.5207e+04 s

────────────────────────────────────────────────────────────────────────────────────────────────────
 Simulation running 'CompressibleEulerEquations2D' with PointCloudSolver(polydeg=3)
────────────────────────────────────────────────────────────────────────────────────────────────────
 #timesteps:              19000                run time:       1.52072568e+04 s
 Δt:             1.30763677e-04                └── GC time:    2.03067962e+02 s (1.335%)
 sim. time:      1.94767785e+00 (97.384%)      time/DOF/rhs!:  5.37304764e-07 s
                                               PID:            6.87002636e-07 s
 #DOFs per field:        273403                alloc'd memory:       2422.069 MiB
 #elements:              273403
────────────────────────────────────────────────────────────────────────────────────────────────────

#timesteps:  19100 │ Δt: 1.0923e-04 │ sim. time: 1.9595e+00 (97.976%)  │ run time: 1.5285e+04 s
#timesteps:  19200 │ Δt: 9.3352e-05 │ sim. time: 1.9707e+00 (98.533%)  │ run time: 1.5363e+04 s
#timesteps:  19300 │ Δt: 1.1954e-04 │ sim. time: 1.9818e+00 (99.091%)  │ run time: 1.5445e+04 s
#timesteps:  19400 │ Δt: 1.3814e-04 │ sim. time: 1.9934e+00 (99.671%)  │ run time: 1.5523e+04 s
────────────────────────────────────────────────────────────────────────────────────────────────────
Trixi.jl simulation finished.  Final time: 2.0  Time steps: 19459 (accepted), 20636 (total)
────────────────────────────────────────────────────────────────────────────────────────────────────


────────────────────────────────────────────────────────────────────────────────────────────────────
 Simulation running 'CompressibleEulerEquations2D' with PointCloudSolver(polydeg=3)
────────────────────────────────────────────────────────────────────────────────────────────────────
 #timesteps:              19459                run time:       1.55710147e+04 s
 Δt:             5.40202092e-05                └── GC time:    2.08393008e+02 s (1.338%)
 sim. time:      2.00000000e+00 (100.000%)     time/DOF/rhs!:  5.38020957e-07 s
                                               PID:            6.84400892e-07 s
 #DOFs per field:        273403                alloc'd memory:       2452.312 MiB
 #elements:              273403
────────────────────────────────────────────────────────────────────────────────────────────────────

 ────────────────────────────────────────────────────────────────────────────────
        MeshfreeTrixi.jl                Time                    Allocations      
                               ───────────────────────   ────────────────────────
       Tot / % measured:            4.33h /  99.1%           3.11TiB / 100.0%    

 Section               ncalls     time    %tot     avg     alloc    %tot      avg
 ────────────────────────────────────────────────────────────────────────────────
 rhs!                   82.5k    3.38h   78.9%   147ms   22.8GiB    0.7%   290KiB
   source terms         82.5k    2.55h   59.6%   111ms    223MiB    0.0%  2.77KiB
     calc SourceRes...  82.5k    1.63h   38.0%  71.1ms   71.2MiB    0.0%     905B
     calc SourceHyp...  82.5k    3326s   21.5%  40.3ms   97.7MiB    0.0%  1.21KiB
     ~source terms~     82.5k    775ms    0.0%  9.39μs   54.2MiB    0.0%     688B
   calc fluxes          82.5k    2833s   18.4%  34.3ms     0.00B    0.0%    0.00B
   boundary flux         165k     121s    0.8%   734μs   22.6GiB    0.7%   143KiB
   reset ∂u/∂t          82.5k    22.5s    0.1%   273μs     0.00B    0.0%    0.00B
   ~rhs!~               82.5k    354ms    0.0%  4.29μs   2.94KiB    0.0%    0.04B
 positivity-preserv...  82.5k    2921s   18.9%  35.4ms   2.00TiB   64.2%  25.4MiB
 update history         19.5k     285s    1.8%  14.7ms   1.08TiB   34.8%  58.4MiB
 save solution             21    58.5s    0.4%   2.78s   8.05GiB    0.3%   393MiB
   ~save solution~         21    43.6s    0.3%   2.08s   7.36GiB    0.2%   359MiB
   save Compressibl...     21    10.3s    0.1%   493ms    454MiB    0.0%  21.6MiB
   save SourceResid...     21    4.50s    0.0%   214ms    255MiB    0.0%  12.1MiB
   save SourceHyper...     21   3.13μs    0.0%   149ns     0.00B    0.0%    0.00B
 analyze solution          21   28.6ms    0.0%  1.36ms    333KiB    0.0%  15.9KiB
 ────────────────────────────────────────────────────────────────────────────────

